"E:/UEProject/Netshoot/Content/Gunslinger/GunslingerTTP_Skeleton.uasset" 0
"E:/UEProject/Netshoot/Content/Gunslinger/GunslingerTTP_Skeleton.uexp" 1
"E:/UEProject/Netshoot/Content/Animations/Gunslinger_Aiming.uasset" 2
"E:/UEProject/Netshoot/Content/Animations/Gunslinger_Aiming.uexp" 3
"E:/UEProject/Netshoot/Content/Animations/Gunslinger_ResetAim.uasset" 4
"E:/UEProject/Netshoot/Content/Animations/Gunslinger_ResetAim.uexp" 5
"E:/UEProject/Netshoot/Content/Materials/M_Player.uasset" 6
"E:/UEProject/Netshoot/Content/Materials/M_Player.uexp" 7
"E:/UEProject/Netshoot/Content/Blueprints/MyPlayerState.uasset" 8
"E:/UEProject/Netshoot/Content/Blueprints/MyPlayerState.uexp" 9
"../../../Engine/Content/EditorBlueprintResources/StandardMacros.uasset" 10
"../../../Engine/Content/EditorBlueprintResources/StandardMacros.uexp" 11
"../../../Engine/Content/EditorBlueprintResources/ActorMacros.uasset" 12
"../../../Engine/Content/EditorBlueprintResources/ActorMacros.uexp" 13
"../../../Engine/Content/Functions/Engine_MaterialFunctions01/Gradient/RadialGradient.uasset" 14
"../../../Engine/Content/Functions/Engine_MaterialFunctions01/Gradient/RadialGradient.uexp" 15
"E:/UEProject/Netshoot/Content/Materials/M_Bullet.uasset" 16
"E:/UEProject/Netshoot/Content/Materials/M_Bullet.uexp" 17
"E:/UEProject/Netshoot/Content/Materials/M_Bullet_Inst.uasset" 18
"E:/UEProject/Netshoot/Content/Materials/M_Bullet_Inst.uexp" 19
"E:/UEProject/Netshoot/Content/Meshes/Sphere.uasset" 20
"E:/UEProject/Netshoot/Content/Meshes/Sphere.uexp" 21
"E:/UEProject/Netshoot/Content/Blueprints/MoveTarget.uasset" 22
"E:/UEProject/Netshoot/Content/Blueprints/MoveTarget.uexp" 23
"E:/UEProject/Netshoot/Content/Sounds/Blip_01.uasset" 24
"E:/UEProject/Netshoot/Content/Sounds/Blip_01.uexp" 25
"E:/UEProject/Netshoot/Content/Sounds/Blip_02.uasset" 26
"E:/UEProject/Netshoot/Content/Sounds/Blip_02.uexp" 27
"E:/UEProject/Netshoot/Content/Sounds/Coin_02.uasset" 28
"E:/UEProject/Netshoot/Content/Sounds/Coin_02.uexp" 29
"E:/UEProject/Netshoot/Content/Sounds/Laser_01.uasset" 30
"E:/UEProject/Netshoot/Content/Sounds/Laser_01.uexp" 31
"E:/UEProject/Netshoot/Content/Sounds/Laser_02.uasset" 32
"E:/UEProject/Netshoot/Content/Sounds/Laser_02.uexp" 33
"E:/UEProject/Netshoot/Content/Sounds/Powerup_01.uasset" 34
"E:/UEProject/Netshoot/Content/Sounds/Powerup_01.uexp" 35
"E:/UEProject/Netshoot/Content/Sounds/Powerup_02.uasset" 36
"E:/UEProject/Netshoot/Content/Sounds/Powerup_02.uexp" 37
"E:/UEProject/Netshoot/Content/Sounds/Randomize_02.uasset" 38
"E:/UEProject/Netshoot/Content/Sounds/Randomize_02.uexp" 39
"E:/UEProject/Netshoot/Content/Sounds/Randomize_04.uasset" 40
"E:/UEProject/Netshoot/Content/Sounds/Randomize_04.uexp" 41
"E:/UEProject/Netshoot/Content/Sounds/Randomize_05.uasset" 42
"E:/UEProject/Netshoot/Content/Sounds/Randomize_05.uexp" 43
"E:/UEProject/Netshoot/Content/Sounds/Randomize_06.uasset" 44
"E:/UEProject/Netshoot/Content/Sounds/Randomize_06.uexp" 45
"E:/UEProject/Netshoot/Content/Sounds/Randomize_07.uasset" 46
"E:/UEProject/Netshoot/Content/Sounds/Randomize_07.uexp" 47
"E:/UEProject/Netshoot/Content/Sounds/Randomize_09.uasset" 48
"E:/UEProject/Netshoot/Content/Sounds/Randomize_09.uexp" 49
"../../../Engine/Content/Animation/DefaultAnimBoneCompressionSettings.uasset" 50
"../../../Engine/Content/Animation/DefaultAnimBoneCompressionSettings.uexp" 51
"../../../Engine/Content/Animation/DefaultAnimCurveCompressionSettings.uasset" 52
"../../../Engine/Content/Animation/DefaultAnimCurveCompressionSettings.uexp" 53
"../../../Engine/Content/EngineMaterials/T_Default_Material_Grid_N.uasset" 54
"../../../Engine/Content/EngineMaterials/T_Default_Material_Grid_N.uexp" 55
"../../../Engine/Content/EngineMaterials/T_Default_Material_Grid_N.ubulk" 56
"../../../Engine/Content/EngineMaterials/T_Default_Material_Grid_M.uasset" 57
"../../../Engine/Content/EngineMaterials/T_Default_Material_Grid_M.uexp" 58
"../../../Engine/Content/EngineMaterials/T_Default_Material_Grid_M.ubulk" 59
"../../../Engine/Content/Functions/Engine_MaterialFunctions01/Opacity/CameraDepthFade.uasset" 60
"../../../Engine/Content/Functions/Engine_MaterialFunctions01/Opacity/CameraDepthFade.uexp" 61
"../../../Engine/Content/EngineMaterials/WorldGridMaterial.uasset" 62
"../../../Engine/Content/EngineMaterials/WorldGridMaterial.uexp" 63
"../../../Engine/Content/ArtTools/RenderToTexture/Meshes/S_1_Unit_Plane.uasset" 64
"../../../Engine/Content/ArtTools/RenderToTexture/Meshes/S_1_Unit_Plane.uexp" 65
"../../../Engine/Content/EngineMaterials/DefaultMaterial.uasset" 66
"../../../Engine/Content/EngineMaterials/DefaultMaterial.uexp" 67
"../../../Engine/Content/BasicShapes/Cone.uasset" 68
"../../../Engine/Content/BasicShapes/Cone.uexp" 69
"../../../Engine/Content/BasicShapes/Cube.uasset" 70
"../../../Engine/Content/BasicShapes/Cube.uexp" 71
"../../../Engine/Content/BasicShapes/Plane.uasset" 72
"../../../Engine/Content/BasicShapes/Plane.uexp" 73
"../../../Engine/Content/BasicShapes/Sphere.uasset" 74
"../../../Engine/Content/BasicShapes/Sphere.uexp" 75
"../../../Engine/Content/EditorLandscapeResources/DataLayer.uasset" 76
"../../../Engine/Content/EditorLandscapeResources/DataLayer.uexp" 77
"../../../Engine/Content/EditorLandscapeResources/DefaultAlphaTexture.uasset" 78
"../../../Engine/Content/EditorLandscapeResources/DefaultAlphaTexture.uexp" 79
"../../../Engine/Content/EditorMaterials/MAT_Groups_Toggle.uasset" 80
"../../../Engine/Content/EditorMaterials/MAT_Groups_Toggle.uexp" 81
"../../../Engine/Content/EditorMaterials/MAT_Groups_Visibility.uasset" 82
"../../../Engine/Content/EditorMaterials/MAT_Groups_Visibility.uexp" 83
"../../../Engine/Content/EditorMaterials/PreviewShadowIndicator.uasset" 84
"../../../Engine/Content/EditorMaterials/PreviewShadowIndicator.uexp" 85
"../../../Engine/Content/EditorMaterials/PreviewShadowIndicator.ubulk" 86
"../../../Engine/Content/EditorMaterials/PreviewShadowIndicatorMaterial.uasset" 87
"../../../Engine/Content/EditorMaterials/PreviewShadowIndicatorMaterial.uexp" 88
"../../../Engine/Content/EditorMaterials/MatineeGroups/MAT_ColorTrack.uasset" 89
"../../../Engine/Content/EditorMaterials/MatineeGroups/MAT_ColorTrack.uexp" 90
"../../../Engine/Content/EditorMaterials/MatineeGroups/MAT_Groups_Anim.uasset" 91
"../../../Engine/Content/EditorMaterials/MatineeGroups/MAT_Groups_Anim.uexp" 92
"../../../Engine/Content/EditorMaterials/MatineeGroups/MAT_Groups_AudioMaster.uasset" 93
"../../../Engine/Content/EditorMaterials/MatineeGroups/MAT_Groups_AudioMaster.uexp" 94
"../../../Engine/Content/EditorMaterials/MatineeGroups/MAT_Groups_Director.uasset" 95
"../../../Engine/Content/EditorMaterials/MatineeGroups/MAT_Groups_Director.uexp" 96
"../../../Engine/Content/EditorMaterials/MatineeGroups/MAT_Groups_Event.uasset" 97
"../../../Engine/Content/EditorMaterials/MatineeGroups/MAT_Groups_Event.uexp" 98
"../../../Engine/Content/EditorMaterials/MatineeGroups/MAT_Groups_Fade.uasset" 99
"../../../Engine/Content/EditorMaterials/MatineeGroups/MAT_Groups_Fade.uexp" 100
"../../../Engine/Content/EditorMaterials/MatineeGroups/MAT_Groups_Float.uasset" 101
"../../../Engine/Content/EditorMaterials/MatineeGroups/MAT_Groups_Float.uexp" 102
"../../../Engine/Content/EditorMaterials/MatineeGroups/MAT_Groups_Move.uasset" 103
"../../../Engine/Content/EditorMaterials/MatineeGroups/MAT_Groups_Move.uexp" 104
"../../../Engine/Content/EditorMaterials/MatineeGroups/MAT_Groups_Slomo.uasset" 105
"../../../Engine/Content/EditorMaterials/MatineeGroups/MAT_Groups_Slomo.uexp" 106
"../../../Engine/Content/EditorMaterials/MatineeGroups/MAT_Groups_Sound.uasset" 107
"../../../Engine/Content/EditorMaterials/MatineeGroups/MAT_Groups_Sound.uexp" 108
"../../../Engine/Content/EditorMaterials/MatineeGroups/MAT_Groups_Vector.uasset" 109
"../../../Engine/Content/EditorMaterials/MatineeGroups/MAT_Groups_Vector.uexp" 110
"../../../Engine/Content/EditorMaterials/ParticleSystems/PSysThumbnail_NoImage.uasset" 111
"../../../Engine/Content/EditorMaterials/ParticleSystems/PSysThumbnail_NoImage.uexp" 112
"../../../Engine/Content/EditorMaterials/ParticleSystems/PSysThumbnail_NoImage.ubulk" 113
"../../../Engine/Content/EditorMaterials/ParticleSystems/PSysThumbnail_OOD.uasset" 114
"../../../Engine/Content/EditorMaterials/ParticleSystems/PSysThumbnail_OOD.uexp" 115
"../../../Engine/Content/EditorMaterials/ParticleSystems/PSysThumbnail_OOD.ubulk" 116
"../../../Engine/Content/EditorMaterials/Camera/CineMat.uasset" 117
"../../../Engine/Content/EditorMaterials/Camera/CineMat.uexp" 118
"../../../Engine/Content/EditorMaterials/Camera/MI_CineMat_Rig.uasset" 119
"../../../Engine/Content/EditorMaterials/Camera/MI_CineMat_Rig.uexp" 120
"../../../Engine/Content/EditorMeshes/Camera/SM_CraneRig_Arm.uasset" 121
"../../../Engine/Content/EditorMeshes/Camera/SM_CraneRig_Arm.uexp" 122
"../../../Engine/Content/EditorMeshes/Camera/SM_CraneRig_Base.uasset" 123
"../../../Engine/Content/EditorMeshes/Camera/SM_CraneRig_Base.uexp" 124
"../../../Engine/Content/EditorMeshes/Camera/SM_CraneRig_Body.uasset" 125
"../../../Engine/Content/EditorMeshes/Camera/SM_CraneRig_Body.uexp" 126
"../../../Engine/Content/EditorMeshes/Camera/SM_CraneRig_Mount.uasset" 127
"../../../Engine/Content/EditorMeshes/Camera/SM_CraneRig_Mount.uexp" 128
"../../../Engine/Content/EditorMeshes/Camera/SM_RailRig_Mount.uasset" 129
"../../../Engine/Content/EditorMeshes/Camera/SM_RailRig_Mount.uexp" 130
"../../../Engine/Content/EditorMeshes/Camera/SM_RailRig_Track.uasset" 131
"../../../Engine/Content/EditorMeshes/Camera/SM_RailRig_Track.uexp" 132
"../../../Engine/Content/EditorResources/BSPVertex.uasset" 133
"../../../Engine/Content/EditorResources/BSPVertex.uexp" 134
"../../../Engine/Content/EditorResources/EmptyActor.uasset" 135
"../../../Engine/Content/EditorResources/EmptyActor.uexp" 136
"../../../Engine/Content/EditorResources/S_Actor.uasset" 137
"../../../Engine/Content/EditorResources/S_Actor.uexp" 138
"../../../Engine/Content/EditorResources/S_Actor.ubulk" 139
"../../../Engine/Content/EditorResources/S_Note.uasset" 140
"../../../Engine/Content/EditorResources/S_Note.uexp" 141
"../../../Engine/Content/EditorResources/S_Note.ubulk" 142
"../../../Engine/Content/EditorResources/S_Solver.uasset" 143
"../../../Engine/Content/EditorResources/S_Solver.uexp" 144
"../../../Engine/Content/EditorResources/S_Solver.ubulk" 145
"../../../Engine/Content/EditorResources/S_Terrain.uasset" 146
"../../../Engine/Content/EditorResources/S_Terrain.uexp" 147
"../../../Engine/Content/EditorResources/S_Terrain.ubulk" 148
"../../../Engine/Content/EditorResources/S_Trigger.uasset" 149
"../../../Engine/Content/EditorResources/S_Trigger.uexp" 150
"../../../Engine/Content/EditorResources/S_Trigger.ubulk" 151
"../../../Engine/Content/EditorResources/AudioIcons/S_AudioComponent.uasset" 152
"../../../Engine/Content/EditorResources/AudioIcons/S_AudioComponent.uexp" 153
"../../../Engine/Content/EditorResources/AudioIcons/S_AudioComponent.ubulk" 154
"../../../Engine/Content/EditorResources/SequenceRecorder/Countdown.uasset" 155
"../../../Engine/Content/EditorResources/SequenceRecorder/Countdown.uexp" 156
"../../../Engine/Content/EditorResources/SequenceRecorder/RecordingIndicator.uasset" 157
"../../../Engine/Content/EditorResources/SequenceRecorder/RecordingIndicator.uexp" 158
"../../../Engine/Content/EngineDamageTypes/DmgTypeBP_Environmental.uasset" 159
"../../../Engine/Content/EngineDamageTypes/DmgTypeBP_Environmental.uexp" 160
"../../../Engine/Content/EngineDebugMaterials/DebugEditorMaterial.uasset" 161
"../../../Engine/Content/EngineDebugMaterials/DebugEditorMaterial.uexp" 162
"../../../Engine/Content/EngineDebugMaterials/DebugMeshMaterial.uasset" 163
"../../../Engine/Content/EngineDebugMaterials/DebugMeshMaterial.uexp" 164
"../../../Engine/Content/EngineDebugMaterials/M_SimpleUnlitTranslucent.uasset" 165
"../../../Engine/Content/EngineDebugMaterials/M_SimpleUnlitTranslucent.uexp" 166
"../../../Engine/Content/EngineDebugMaterials/VolumeToRender.uasset" 167
"../../../Engine/Content/EngineDebugMaterials/VolumeToRender.uexp" 168
"../../../Engine/Content/Functions/Engine_MaterialFunctions02/Utility/CameraDirectionVector.uasset" 169
"../../../Engine/Content/Functions/Engine_MaterialFunctions02/Utility/CameraDirectionVector.uexp" 170
"../../../Engine/Content/EngineDebugMaterials/M_VolumeRenderSphereTracePP.uasset" 171
"../../../Engine/Content/EngineDebugMaterials/M_VolumeRenderSphereTracePP.uexp" 172
"../../../Engine/Content/Functions/Engine_MaterialFunctions01/Shading/ConvertFromDiffSpec.uasset" 173
"../../../Engine/Content/Functions/Engine_MaterialFunctions01/Shading/ConvertFromDiffSpec.uexp" 174
"../../../Engine/Content/EngineDebugMaterials/VertexColorMaterial.uasset" 175
"../../../Engine/Content/EngineDebugMaterials/VertexColorMaterial.uexp" 176
"../../../Engine/Content/EngineDebugMaterials/WireframeMaterial.uasset" 177
"../../../Engine/Content/EngineDebugMaterials/WireframeMaterial.uexp" 178
"../../../Engine/Content/EngineFonts/Faces/RobotoRegular.uasset" 179
"../../../Engine/Content/EngineFonts/Faces/RobotoRegular.uexp" 180
"../../../Engine/Content/EngineFonts/Faces/RobotoRegular.ufont" 181
"../../../Engine/Content/EngineFonts/Faces/RobotoLight.uasset" 182
"../../../Engine/Content/EngineFonts/Faces/RobotoLight.uexp" 183
"../../../Engine/Content/EngineFonts/Faces/RobotoLight.ufont" 184
"../../../Engine/Content/EngineFonts/Faces/RobotoItalic.uasset" 185
"../../../Engine/Content/EngineFonts/Faces/RobotoItalic.uexp" 186
"../../../Engine/Content/EngineFonts/Faces/RobotoItalic.ufont" 187
"../../../Engine/Content/EngineFonts/Faces/RobotoBoldItalic.uasset" 188
"../../../Engine/Content/EngineFonts/Faces/RobotoBoldItalic.uexp" 189
"../../../Engine/Content/EngineFonts/Faces/RobotoBoldItalic.ufont" 190
"../../../Engine/Content/EngineFonts/Faces/RobotoBold.uasset" 191
"../../../Engine/Content/EngineFonts/Faces/RobotoBold.uexp" 192
"../../../Engine/Content/EngineFonts/Faces/RobotoBold.ufont" 193
"../../../Engine/Content/EngineFonts/Faces/DroidSansFallback.uasset" 194
"../../../Engine/Content/EngineFonts/Faces/DroidSansFallback.uexp" 195
"../../../Engine/Content/EngineFonts/Faces/DroidSansFallback.ufont" 196
"../../../Engine/Content/EngineFonts/Roboto.uasset" 197
"../../../Engine/Content/EngineFonts/Roboto.uexp" 198
"../../../Engine/Content/EngineMaterials/BaseFlattenNormalMap.uasset" 199
"../../../Engine/Content/EngineMaterials/BaseFlattenNormalMap.uexp" 200
"../../../Engine/Content/EngineMaterials/BaseFlattenGrayscaleMap.uasset" 201
"../../../Engine/Content/EngineMaterials/BaseFlattenGrayscaleMap.uexp" 202
"../../../Engine/Content/EngineMaterials/BaseFlattenEmissiveMap.uasset" 203
"../../../Engine/Content/EngineMaterials/BaseFlattenEmissiveMap.uexp" 204
"../../../Engine/Content/EngineMaterials/BaseFlattenDiffuseMap.uasset" 205
"../../../Engine/Content/EngineMaterials/BaseFlattenDiffuseMap.uexp" 206
"../../../Engine/Content/EngineMaterials/BaseFlattenMaterial.uasset" 207
"../../../Engine/Content/EngineMaterials/BaseFlattenMaterial.uexp" 208
"../../../Engine/Content/EngineMaterials/BlueNoise.uasset" 209
"../../../Engine/Content/EngineMaterials/BlueNoise.uexp" 210
"../../../Engine/Content/EngineMaterials/DefaultBloomKernel.uasset" 211
"../../../Engine/Content/EngineMaterials/DefaultBloomKernel.uexp" 212
"../../../Engine/Content/EngineMaterials/DefaultBokeh.uasset" 213
"../../../Engine/Content/EngineMaterials/DefaultBokeh.uexp" 214
"../../../Engine/Content/EngineMaterials/DefaultDiffuse.uasset" 215
"../../../Engine/Content/EngineMaterials/DefaultDiffuse.uexp" 216
"../../../Engine/Content/EngineMaterials/DefaultDiffuse.ubulk" 217
"../../../Engine/Content/EngineMaterials/DefaultDeferredDecalMaterial.uasset" 218
"../../../Engine/Content/EngineMaterials/DefaultDeferredDecalMaterial.uexp" 219
"../../../Engine/Content/EngineMaterials/DefaultLightFunctionMaterial.uasset" 220
"../../../Engine/Content/EngineMaterials/DefaultLightFunctionMaterial.uexp" 221
"../../../Engine/Content/EngineMaterials/DefaultPhysicalMaterial.uasset" 222
"../../../Engine/Content/EngineMaterials/DefaultPhysicalMaterial.uexp" 223
"../../../Engine/Content/Functions/Engine_MaterialFunctions02/Utility/BreakOutFloat2Components.uasset" 224
"../../../Engine/Content/Functions/Engine_MaterialFunctions02/Utility/BreakOutFloat2Components.uexp" 225
"../../../Engine/Content/EngineMaterials/DefaultPostProcessMaterial.uasset" 226
"../../../Engine/Content/EngineMaterials/DefaultPostProcessMaterial.uexp" 227
"../../../Engine/Content/EngineFonts/RobotoDistanceField.uasset" 228
"../../../Engine/Content/EngineFonts/RobotoDistanceField.uexp" 229
"../../../Engine/Content/EngineMaterials/DefaultTextMaterialOpaque.uasset" 230
"../../../Engine/Content/EngineMaterials/DefaultTextMaterialOpaque.uexp" 231
"../../../Engine/Content/EngineMaterials/DefaultWhiteGrid.uasset" 232
"../../../Engine/Content/EngineMaterials/DefaultWhiteGrid.uexp" 233
"../../../Engine/Content/EngineMaterials/DefaultWhiteGrid.ubulk" 234
"../../../Engine/Content/EngineMaterials/DefaultWhiteGrid_Low.uasset" 235
"../../../Engine/Content/EngineMaterials/DefaultWhiteGrid_Low.uexp" 236
"../../../Engine/Content/EngineMaterials/EmissiveMeshMaterial.uasset" 237
"../../../Engine/Content/EngineMaterials/EmissiveMeshMaterial.uexp" 238
"../../../Engine/Content/EngineMaterials/GizmoMaterial.uasset" 239
"../../../Engine/Content/EngineMaterials/GizmoMaterial.uexp" 240
"../../../Engine/Content/EngineMaterials/Good64x64TilingNoiseHighFreq.uasset" 241
"../../../Engine/Content/EngineMaterials/Good64x64TilingNoiseHighFreq.uexp" 242
"../../../Engine/Content/EngineMaterials/MiniFont.uasset" 243
"../../../Engine/Content/EngineMaterials/MiniFont.uexp" 244
"../../../Engine/Content/EngineMaterials/InvalidLightmapSettings.uasset" 245
"../../../Engine/Content/EngineMaterials/InvalidLightmapSettings.uexp" 246
"../../../Engine/Content/EngineMaterials/InvalidLightmapSettings.ubulk" 247
"../../../Engine/Content/EngineMaterials/M_InvalidLightmapSettings.uasset" 248
"../../../Engine/Content/EngineMaterials/M_InvalidLightmapSettings.uexp" 249
"../../../Engine/Content/Functions/Engine_MaterialFunctions02/WorldPositionOffset/CameraOffset.uasset" 250
"../../../Engine/Content/Functions/Engine_MaterialFunctions02/WorldPositionOffset/CameraOffset.uexp" 251
"../../../Engine/Content/EngineMaterials/PhAT_JointLimitMaterial.uasset" 252
"../../../Engine/Content/EngineMaterials/PhAT_JointLimitMaterial.uexp" 253
"../../../Engine/Content/EngineMaterials/DefaultCalibrationColor.uasset" 254
"../../../Engine/Content/EngineMaterials/DefaultCalibrationColor.uexp" 255
"../../../Engine/Content/EngineMaterials/PPM_DefaultCalibrationColor.uasset" 256
"../../../Engine/Content/EngineMaterials/PPM_DefaultCalibrationColor.uexp" 257
"../../../Engine/Content/EngineMaterials/DefaultCalibrationGrayscale.uasset" 258
"../../../Engine/Content/EngineMaterials/DefaultCalibrationGrayscale.uexp" 259
"../../../Engine/Content/EngineMaterials/PPM_DefaultCalibrationGrayscale.uasset" 260
"../../../Engine/Content/EngineMaterials/PPM_DefaultCalibrationGrayscale.uexp" 261
"../../../Engine/Content/EngineMaterials/PreintegratedSkinBRDF.uasset" 262
"../../../Engine/Content/EngineMaterials/PreintegratedSkinBRDF.uexp" 263
"../../../Engine/Content/EngineMaterials/RemoveSurfaceMaterial.uasset" 264
"../../../Engine/Content/EngineMaterials/RemoveSurfaceMaterial.uexp" 265
"../../../Engine/Content/EngineMaterials/WeightMapPlaceholderTexture.uasset" 266
"../../../Engine/Content/EngineMaterials/WeightMapPlaceholderTexture.uexp" 267
"../../../Engine/Content/EngineResources/WhiteSquareTexture.uasset" 268
"../../../Engine/Content/EngineResources/WhiteSquareTexture.uexp" 269
"../../../Engine/Content/EngineMaterials/Widget3DPassThrough.uasset" 270
"../../../Engine/Content/EngineMaterials/Widget3DPassThrough.uexp" 271
"../../../Engine/Content/EngineMaterials/Widget3DPassThrough_Masked.uasset" 272
"../../../Engine/Content/EngineMaterials/Widget3DPassThrough_Masked.uexp" 273
"../../../Engine/Content/EngineMaterials/Widget3DPassThrough_Opaque.uasset" 274
"../../../Engine/Content/EngineMaterials/Widget3DPassThrough_Opaque.uexp" 275
"../../../Engine/Content/EngineMaterials/Widget3DPassThrough_Masked_OneSided.uasset" 276
"../../../Engine/Content/EngineMaterials/Widget3DPassThrough_Masked_OneSided.uexp" 277
"../../../Engine/Content/EngineMaterials/Widget3DPassThrough_Opaque_OneSided.uasset" 278
"../../../Engine/Content/EngineMaterials/Widget3DPassThrough_Opaque_OneSided.uexp" 279
"../../../Engine/Content/EngineMaterials/Widget3DPassThrough_Translucent.uasset" 280
"../../../Engine/Content/EngineMaterials/Widget3DPassThrough_Translucent.uexp" 281
"../../../Engine/Content/EngineMaterials/Widget3DPassThrough_Translucent_OneSided.uasset" 282
"../../../Engine/Content/EngineMaterials/Widget3DPassThrough_Translucent_OneSided.uexp" 283
"../../../Engine/Content/EngineMeshes/Cylinder.uasset" 284
"../../../Engine/Content/EngineMeshes/Cylinder.uexp" 285
"../../../Engine/Content/EngineMeshes/Sphere.uasset" 286
"../../../Engine/Content/EngineMeshes/Sphere.uexp" 287
"../../../Engine/Content/EngineResources/DefaultTexture.uasset" 288
"../../../Engine/Content/EngineResources/DefaultTexture.uexp" 289
"../../../Engine/Content/EngineResources/DefaultTexture.ubulk" 290
"../../../Engine/Content/EngineResources/DefaultTextureCube.uasset" 291
"../../../Engine/Content/EngineResources/DefaultTextureCube.uexp" 292
"../../../Engine/Content/EngineResources/DefaultVolumeTexture2D.uasset" 293
"../../../Engine/Content/EngineResources/DefaultVolumeTexture2D.uexp" 294
"../../../Engine/Content/EngineResources/DefaultVolumeTexture.uasset" 295
"../../../Engine/Content/EngineResources/DefaultVolumeTexture.uexp" 296
"../../../Engine/Content/EngineResources/GradientTexture0.uasset" 297
"../../../Engine/Content/EngineResources/GradientTexture0.uexp" 298
"../../../Engine/Content/EngineSky/VolumetricClouds/T_NoiseShape64.uasset" 299
"../../../Engine/Content/EngineSky/VolumetricClouds/T_NoiseShape64.uexp" 300
"../../../Engine/Content/EngineSky/VolumetricClouds/T_NoiseShape64.ubulk" 301
"../../../Engine/Content/EngineSky/VolumetricClouds/T_VolumeNoiseShape64.uasset" 302
"../../../Engine/Content/EngineSky/VolumetricClouds/T_VolumeNoiseShape64.uexp" 303
"../../../Engine/Content/EngineSky/VolumetricClouds/T_NoiseErosion.uasset" 304
"../../../Engine/Content/EngineSky/VolumetricClouds/T_NoiseErosion.uexp" 305
"../../../Engine/Content/EngineSky/VolumetricClouds/T_NoiseErosion.ubulk" 306
"../../../Engine/Content/EngineSky/VolumetricClouds/T_VolumeNoiseErosion32.uasset" 307
"../../../Engine/Content/EngineSky/VolumetricClouds/T_VolumeNoiseErosion32.uexp" 308
"../../../Engine/Content/EngineSky/VolumetricClouds/CloudWeatherTexture.uasset" 309
"../../../Engine/Content/EngineSky/VolumetricClouds/CloudWeatherTexture.uexp" 310
"../../../Engine/Content/EngineSky/VolumetricClouds/CloudGradientTexture.uasset" 311
"../../../Engine/Content/EngineSky/VolumetricClouds/CloudGradientTexture.uexp" 312
"../../../Engine/Content/Functions/Engine_MaterialFunctions02/Utility/MakeFloat2.uasset" 313
"../../../Engine/Content/Functions/Engine_MaterialFunctions02/Utility/MakeFloat2.uexp" 314
"../../../Engine/Content/EngineSky/VolumetricClouds/m_SimpleVolumetricCloud.uasset" 315
"../../../Engine/Content/EngineSky/VolumetricClouds/m_SimpleVolumetricCloud.uexp" 316
"../../../Engine/Content/EngineSky/VolumetricClouds/m_SimpleVolumetricCloud_Inst.uasset" 317
"../../../Engine/Content/EngineSky/VolumetricClouds/m_SimpleVolumetricCloud_Inst.uexp" 318
"../../../Engine/Content/EngineSounds/Master.uasset" 319
"../../../Engine/Content/EngineSounds/Master.uexp" 320
"../../../Engine/Content/Functions/Engine_MaterialFunctions01/Shading/PowerToRoughness.uasset" 321
"../../../Engine/Content/Functions/Engine_MaterialFunctions01/Shading/PowerToRoughness.uexp" 322
"../../../Engine/Content/Maps/Templates/Thumbnails/Default.uasset" 323
"../../../Engine/Content/Maps/Templates/Thumbnails/Default.uexp" 324
"../../../Engine/Content/Maps/Templates/Thumbnails/TimeOfDay.uasset" 325
"../../../Engine/Content/Maps/Templates/Thumbnails/TimeOfDay.uexp" 326
"../../../Engine/Content/Maps/Templates/Thumbnails/VR-Basic.uasset" 327
"../../../Engine/Content/Maps/Templates/Thumbnails/VR-Basic.uexp" 328
"../../../Engine/Content/MobileResources/T_MobileControls_texture.uasset" 329
"../../../Engine/Content/MobileResources/T_MobileControls_texture.uexp" 330
"../../../Engine/Content/MobileResources/T_MobileMenu2.uasset" 331
"../../../Engine/Content/MobileResources/T_MobileMenu2.uexp" 332
"../../../Engine/Content/MobileResources/HUD/AnalogHat.uasset" 333
"../../../Engine/Content/MobileResources/HUD/AnalogHat.uexp" 334
"../../../Engine/Content/MobileResources/HUD/VirtualJoystick_Thumb.uasset" 335
"../../../Engine/Content/MobileResources/HUD/VirtualJoystick_Thumb.uexp" 336
"../../../Engine/Content/MobileResources/HUD/VirtualJoystick_Background.uasset" 337
"../../../Engine/Content/MobileResources/HUD/VirtualJoystick_Background.uexp" 338
"../../../Engine/Content/MobileResources/HUD/DefaultVirtualJoysticks.uasset" 339
"../../../Engine/Content/MobileResources/HUD/DefaultVirtualJoysticks.uexp" 340
"../../../Engine/Content/MobileResources/HUD/LeftVirtualJoystickOnly.uasset" 341
"../../../Engine/Content/MobileResources/HUD/LeftVirtualJoystickOnly.uexp" 342
"../../../Engine/Content/MobileResources/HUD/MobileHUDButton1_off.uasset" 343
"../../../Engine/Content/MobileResources/HUD/MobileHUDButton1_off.uexp" 344
"../../../Engine/Content/MobileResources/HUD/MobileHUDButton1_on.uasset" 345
"../../../Engine/Content/MobileResources/HUD/MobileHUDButton1_on.uexp" 346
"../../../Engine/Content/MobileResources/HUD/MobileHUDButton2_off.uasset" 347
"../../../Engine/Content/MobileResources/HUD/MobileHUDButton2_off.uexp" 348
"../../../Engine/Content/MobileResources/HUD/MobileHUDButton2_on.uasset" 349
"../../../Engine/Content/MobileResources/HUD/MobileHUDButton2_on.uexp" 350
"../../../Engine/Content/MobileResources/HUD/MobileHUDButton3.uasset" 351
"../../../Engine/Content/MobileResources/HUD/MobileHUDButton3.uexp" 352
"../../../Engine/Content/MobileResources/HUD/MobileHUDButtonFire.uasset" 353
"../../../Engine/Content/MobileResources/HUD/MobileHUDButtonFire.uexp" 354
"../../../Engine/Content/MobileResources/HUD/MobileHUDDirectionPad.uasset" 355
"../../../Engine/Content/MobileResources/HUD/MobileHUDDirectionPad.uexp" 356
"../../../Engine/Content/MobileResources/HUD/MobileHUDDirectionPad2.uasset" 357
"../../../Engine/Content/MobileResources/HUD/MobileHUDDirectionPad2.uexp" 358
"../../../Engine/Content/MobileResources/HUD/MobileHUDDirectionPad3.uasset" 359
"../../../Engine/Content/MobileResources/HUD/MobileHUDDirectionPad3.uexp" 360
"../../../Engine/Content/MobileResources/HUD/MobileHUDDirectionStick.uasset" 361
"../../../Engine/Content/MobileResources/HUD/MobileHUDDirectionStick.uexp" 362
"../../../Engine/Content/MobileResources/HUD/T_Castle_ThumbstickInner.uasset" 363
"../../../Engine/Content/MobileResources/HUD/T_Castle_ThumbstickInner.uexp" 364
"../../../Engine/Content/MobileResources/HUD/T_Castle_ThumbstickOutter.uasset" 365
"../../../Engine/Content/MobileResources/HUD/T_Castle_ThumbstickOutter.uexp" 366
"../../../Engine/Content/Tutorial/ContentIntroCurve.uasset" 367
"../../../Engine/Content/Tutorial/ContentIntroCurve.uexp" 368
"../../../Engine/Content/VREditor/TransformGizmo/TranslucentTransformGizmoMaterial.uasset" 369
"../../../Engine/Content/VREditor/TransformGizmo/TranslucentTransformGizmoMaterial.uexp" 370
"../../../Engine/Content/VREditor/LaserPointer/VR_LaserPower_01.uasset" 371
"../../../Engine/Content/VREditor/LaserPointer/VR_LaserPower_01.uexp" 372
"../../../Engine/Content/VREditor/LaserPointer/VR_LaserPower_01.ubulk" 373
"../../../Engine/Content/VREditor/TransformGizmo/TransformGizmoMaterial.uasset" 374
"../../../Engine/Content/VREditor/TransformGizmo/TransformGizmoMaterial.uexp" 375
"../../../Engine/Content/VREditor/TransformGizmo/BoundingBoxCorner.uasset" 376
"../../../Engine/Content/VREditor/TransformGizmo/BoundingBoxCorner.uexp" 377
"../../../Engine/Content/VREditor/TransformGizmo/BoundingBoxEdge.uasset" 378
"../../../Engine/Content/VREditor/TransformGizmo/BoundingBoxEdge.uexp" 379
"../../../Engine/Content/VREditor/TransformGizmo/PlaneTranslationHandle.uasset" 380
"../../../Engine/Content/VREditor/TransformGizmo/PlaneTranslationHandle.uexp" 381
"../../../Engine/Content/VREditor/TransformGizmo/Xray.uasset" 382
"../../../Engine/Content/VREditor/TransformGizmo/Xray.uexp" 383
"../../../Engine/Content/VREditor/TransformGizmo/Main.uasset" 384
"../../../Engine/Content/VREditor/TransformGizmo/Main.uexp" 385
"../../../Engine/Content/VREditor/TransformGizmo/SM_Sequencer_Key.uasset" 386
"../../../Engine/Content/VREditor/TransformGizmo/SM_Sequencer_Key.uexp" 387
"../../../Engine/Content/VREditor/TransformGizmo/SM_Sequencer_Node.uasset" 388
"../../../Engine/Content/VREditor/TransformGizmo/SM_Sequencer_Node.uexp" 389
"../../../Engine/Plugins/2D/Paper2D/Content/PlaceholderTextures/DummySpriteTexture.uasset" 390
"../../../Engine/Plugins/2D/Paper2D/Content/PlaceholderTextures/DummySpriteTexture.uexp" 391
"../../../Engine/Plugins/2D/Paper2D/Content/PlaceholderTextures/DummySpriteTexture.ubulk" 392
"../../../Engine/Plugins/2D/Paper2D/Content/DummySprite.uasset" 393
"../../../Engine/Plugins/2D/Paper2D/Content/DummySprite.uexp" 394
"../../../Engine/Plugins/2D/Paper2D/Content/DefaultPaperTerrainMaterial.uasset" 395
"../../../Engine/Plugins/2D/Paper2D/Content/DefaultPaperTerrainMaterial.uexp" 396
"../../../Engine/Plugins/2D/Paper2D/Content/DefaultSpriteMaterial.uasset" 397
"../../../Engine/Plugins/2D/Paper2D/Content/DefaultSpriteMaterial.uexp" 398
"../../../Engine/Plugins/2D/Paper2D/Content/MaskedUnlitSpriteMaterial.uasset" 399
"../../../Engine/Plugins/2D/Paper2D/Content/MaskedUnlitSpriteMaterial.uexp" 400
"../../../Engine/Plugins/2D/Paper2D/Content/OpaqueUnlitSpriteMaterial.uasset" 401
"../../../Engine/Plugins/2D/Paper2D/Content/OpaqueUnlitSpriteMaterial.uexp" 402
"../../../Engine/Content/Functions/Engine_MaterialFunctions02/Utility/BreakOutFloat3Components.uasset" 403
"../../../Engine/Content/Functions/Engine_MaterialFunctions02/Utility/BreakOutFloat3Components.uexp" 404
"../../../Engine/Plugins/Editor/SpeedTreeImporter/Content/SpeedTree9/UnpackInteger3.uasset" 405
"../../../Engine/Plugins/Editor/SpeedTreeImporter/Content/SpeedTree9/UnpackInteger3.uexp" 406
"../../../Engine/Plugins/Editor/SpeedTreeImporter/Content/SpeedTree9/UnpackDirection.uasset" 407
"../../../Engine/Plugins/Editor/SpeedTreeImporter/Content/SpeedTree9/UnpackDirection.uexp" 408
"../../../Engine/Plugins/Editor/SpeedTreeImporter/Content/SpeedTree9/game_wind_noise.uasset" 409
"../../../Engine/Plugins/Editor/SpeedTreeImporter/Content/SpeedTree9/game_wind_noise.uexp" 410
"../../../Engine/Plugins/Editor/SpeedTreeImporter/Content/SpeedTree9/game_wind_noise.ubulk" 411
"../../../Engine/Content/Functions/Engine_MaterialFunctions02/SafeNormalize.uasset" 412
"../../../Engine/Content/Functions/Engine_MaterialFunctions02/SafeNormalize.uexp" 413
"../../../Engine/Plugins/Editor/SpeedTreeImporter/Content/SpeedTree9/SpeedTreeWindMotion.uasset" 414
"../../../Engine/Plugins/Editor/SpeedTreeImporter/Content/SpeedTree9/SpeedTreeWindMotion.uexp" 415
"../../../Engine/Plugins/Editor/SpeedTreeImporter/Content/SpeedTree9/SpeedTreeBranchMotion.uasset" 416
"../../../Engine/Plugins/Editor/SpeedTreeImporter/Content/SpeedTree9/SpeedTreeBranchMotion.uexp" 417
"../../../Engine/Content/Functions/Engine_MaterialFunctions02/ObjectLocalBounds.uasset" 418
"../../../Engine/Content/Functions/Engine_MaterialFunctions02/ObjectLocalBounds.uexp" 419
"../../../Engine/Content/Functions/Engine_MaterialFunctions02/UVs/BoundingBoxBased_0-1_UVW.uasset" 420
"../../../Engine/Content/Functions/Engine_MaterialFunctions02/UVs/BoundingBoxBased_0-1_UVW.uexp" 421
"../../../Engine/Content/Functions/Engine_MaterialFunctions02/Utility/VectorLength.uasset" 422
"../../../Engine/Content/Functions/Engine_MaterialFunctions02/Utility/VectorLength.uexp" 423
"../../../Engine/Content/Functions/Engine_MaterialFunctions02/WorldPositionOffset/ObjectScale.uasset" 424
"../../../Engine/Content/Functions/Engine_MaterialFunctions02/WorldPositionOffset/ObjectScale.uexp" 425
"../../../Engine/Plugins/Editor/SpeedTreeImporter/Content/SpeedTree9/SpeedTreeWind.uasset" 426
"../../../Engine/Plugins/Editor/SpeedTreeImporter/Content/SpeedTree9/SpeedTreeWind.uexp" 427
"../../../Engine/Plugins/Editor/SpeedTreeImporter/Content/SpeedTree9/SpeedTreeBillboard.uasset" 428
"../../../Engine/Plugins/Editor/SpeedTreeImporter/Content/SpeedTree9/SpeedTreeBillboard.uexp" 429
"../../../Engine/Plugins/Editor/SpeedTreeImporter/Content/SpeedTree9/EmptyNormal.uasset" 430
"../../../Engine/Plugins/Editor/SpeedTreeImporter/Content/SpeedTree9/EmptyNormal.uexp" 431
"../../../Engine/Plugins/Editor/SpeedTreeImporter/Content/SpeedTree9/Empty.uasset" 432
"../../../Engine/Plugins/Editor/SpeedTreeImporter/Content/SpeedTree9/Empty.uexp" 433
"../../../Engine/Plugins/Editor/SpeedTreeImporter/Content/SpeedTree9/SpeedTreeBillboardMaster.uasset" 434
"../../../Engine/Plugins/Editor/SpeedTreeImporter/Content/SpeedTree9/SpeedTreeBillboardMaster.uexp" 435
"../../../Engine/Plugins/Editor/SpeedTreeImporter/Content/SpeedTree9/SpeedTreeCameraFacing.uasset" 436
"../../../Engine/Plugins/Editor/SpeedTreeImporter/Content/SpeedTree9/SpeedTreeCameraFacing.uexp" 437
"../../../Engine/Plugins/Editor/SpeedTreeImporter/Content/SpeedTree9/SpeedTreeMaster.uasset" 438
"../../../Engine/Plugins/Editor/SpeedTreeImporter/Content/SpeedTree9/SpeedTreeMaster.uexp" 439
"../../../Engine/Content/BasicShapes/Cylinder.uasset" 440
"../../../Engine/Content/BasicShapes/Cylinder.uexp" 441
"../../../Engine/Content/ArtTools/RenderToTexture/Materials/Debug/M_Emissive_Color.uasset" 442
"../../../Engine/Content/ArtTools/RenderToTexture/Materials/Debug/M_Emissive_Color.uexp" 443
"../../../Engine/Plugins/Lumin/MagicLeapPassableWorld/Content/MagicLeapARPinInfoActor.uasset" 444
"../../../Engine/Plugins/Lumin/MagicLeapPassableWorld/Content/MagicLeapARPinInfoActor.uexp" 445
"../../../Engine/Plugins/Runtime/OpenXR/Content/Devices/GoogleDaydream/MRTexture.uasset" 446
"../../../Engine/Plugins/Runtime/OpenXR/Content/Devices/GoogleDaydream/MRTexture.uexp" 447
"../../../Engine/Plugins/Runtime/OpenXR/Content/Devices/GoogleDaydream/MRTexture.ubulk" 448
"../../../Engine/Plugins/Runtime/OpenXR/Content/Devices/GoogleDaydream/BaseTexture.uasset" 449
"../../../Engine/Plugins/Runtime/OpenXR/Content/Devices/GoogleDaydream/BaseTexture.uexp" 450
"../../../Engine/Plugins/Runtime/OpenXR/Content/Devices/GoogleDaydream/BaseTexture.ubulk" 451
"../../../Engine/Content/EngineResources/Black.uasset" 452
"../../../Engine/Content/EngineResources/Black.uexp" 453
"../../../Engine/Plugins/Runtime/OpenXR/Content/Devices/M_XRController.uasset" 454
"../../../Engine/Plugins/Runtime/OpenXR/Content/Devices/M_XRController.uexp" 455
"../../../Engine/Plugins/Runtime/OpenXR/Content/Devices/GoogleDaydream/MI_GoogleDaydream.uasset" 456
"../../../Engine/Plugins/Runtime/OpenXR/Content/Devices/GoogleDaydream/MI_GoogleDaydream.uexp" 457
"../../../Engine/Plugins/Runtime/OpenXR/Content/Devices/GoogleDaydream/GoogleDaydreamController.uasset" 458
"../../../Engine/Plugins/Runtime/OpenXR/Content/Devices/GoogleDaydream/GoogleDaydreamController.uexp" 459
"../../../Engine/Plugins/Runtime/OpenXR/Content/Devices/HTCVive/BaseTexture.uasset" 460
"../../../Engine/Plugins/Runtime/OpenXR/Content/Devices/HTCVive/BaseTexture.uexp" 461
"../../../Engine/Plugins/Runtime/OpenXR/Content/Devices/HTCVive/BaseTexture.ubulk" 462
"../../../Engine/Plugins/Runtime/OpenXR/Content/Devices/HTCVive/MI_HTCVive.uasset" 463
"../../../Engine/Plugins/Runtime/OpenXR/Content/Devices/HTCVive/MI_HTCVive.uexp" 464
"../../../Engine/Plugins/Runtime/OpenXR/Content/Devices/HTCVive/HTCViveController.uasset" 465
"../../../Engine/Plugins/Runtime/OpenXR/Content/Devices/HTCVive/HTCViveController.uexp" 466
"../../../Engine/Plugins/Runtime/OpenXR/Content/Devices/MicrosoftMixedReality/NormalTexture.uasset" 467
"../../../Engine/Plugins/Runtime/OpenXR/Content/Devices/MicrosoftMixedReality/NormalTexture.uexp" 468
"../../../Engine/Plugins/Runtime/OpenXR/Content/Devices/MicrosoftMixedReality/NormalTexture.ubulk" 469
"../../../Engine/Plugins/Runtime/OpenXR/Content/Devices/MicrosoftMixedReality/MRTexture.uasset" 470
"../../../Engine/Plugins/Runtime/OpenXR/Content/Devices/MicrosoftMixedReality/MRTexture.uexp" 471
"../../../Engine/Plugins/Runtime/OpenXR/Content/Devices/MicrosoftMixedReality/MRTexture.ubulk" 472
"../../../Engine/Plugins/Runtime/OpenXR/Content/Devices/MicrosoftMixedReality/EmissiveTexture.uasset" 473
"../../../Engine/Plugins/Runtime/OpenXR/Content/Devices/MicrosoftMixedReality/EmissiveTexture.uexp" 474
"../../../Engine/Plugins/Runtime/OpenXR/Content/Devices/MicrosoftMixedReality/EmissiveTexture.ubulk" 475
"../../../Engine/Plugins/Runtime/OpenXR/Content/Devices/MicrosoftMixedReality/BaseTexture.uasset" 476
"../../../Engine/Plugins/Runtime/OpenXR/Content/Devices/MicrosoftMixedReality/BaseTexture.uexp" 477
"../../../Engine/Plugins/Runtime/OpenXR/Content/Devices/MicrosoftMixedReality/BaseTexture.ubulk" 478
"../../../Engine/Plugins/Runtime/OpenXR/Content/Devices/MicrosoftMixedReality/MI_MicrosoftMixedReality.uasset" 479
"../../../Engine/Plugins/Runtime/OpenXR/Content/Devices/MicrosoftMixedReality/MI_MicrosoftMixedReality.uexp" 480
"../../../Engine/Plugins/Runtime/OpenXR/Content/Devices/MicrosoftMixedReality/Left/left_MicrosoftMixedRealityController.uasset" 481
"../../../Engine/Plugins/Runtime/OpenXR/Content/Devices/MicrosoftMixedReality/Left/left_MicrosoftMixedRealityController.uexp" 482
"../../../Engine/Plugins/Runtime/OpenXR/Content/Devices/MicrosoftMixedReality/Right/right_MicrosoftMixedRealityController.uasset" 483
"../../../Engine/Plugins/Runtime/OpenXR/Content/Devices/MicrosoftMixedReality/Right/right_MicrosoftMixedRealityController.uexp" 484
"../../../Engine/Plugins/Runtime/OpenXR/Content/Devices/OculusGo/BaseTexture.uasset" 485
"../../../Engine/Plugins/Runtime/OpenXR/Content/Devices/OculusGo/BaseTexture.uexp" 486
"../../../Engine/Plugins/Runtime/OpenXR/Content/Devices/OculusGo/BaseTexture.ubulk" 487
"../../../Engine/Plugins/Runtime/OpenXR/Content/Devices/OculusGo/MI_OculusGo.uasset" 488
"../../../Engine/Plugins/Runtime/OpenXR/Content/Devices/OculusGo/MI_OculusGo.uexp" 489
"../../../Engine/Plugins/Runtime/OpenXR/Content/Devices/OculusGo/OculusGoController.uasset" 490
"../../../Engine/Plugins/Runtime/OpenXR/Content/Devices/OculusGo/OculusGoController.uexp" 491
"../../../Engine/Plugins/Runtime/OpenXR/Content/Devices/OculusTouch/MRTexture.uasset" 492
"../../../Engine/Plugins/Runtime/OpenXR/Content/Devices/OculusTouch/MRTexture.uexp" 493
"../../../Engine/Plugins/Runtime/OpenXR/Content/Devices/OculusTouch/MRTexture.ubulk" 494
"../../../Engine/Plugins/Runtime/OpenXR/Content/Devices/OculusTouch/BaseTexture.uasset" 495
"../../../Engine/Plugins/Runtime/OpenXR/Content/Devices/OculusTouch/BaseTexture.uexp" 496
"../../../Engine/Plugins/Runtime/OpenXR/Content/Devices/OculusTouch/BaseTexture.ubulk" 497
"../../../Engine/Plugins/Runtime/OpenXR/Content/Devices/OculusTouch/MI_OculusTouch.uasset" 498
"../../../Engine/Plugins/Runtime/OpenXR/Content/Devices/OculusTouch/MI_OculusTouch.uexp" 499
"../../../Engine/Plugins/Runtime/OpenXR/Content/Devices/OculusTouch/Left/left_OculusTouchController.uasset" 500
"../../../Engine/Plugins/Runtime/OpenXR/Content/Devices/OculusTouch/Left/left_OculusTouchController.uexp" 501
"../../../Engine/Plugins/Runtime/OpenXR/Content/Devices/OculusTouch/Right/right_OculusTouchController.uasset" 502
"../../../Engine/Plugins/Runtime/OpenXR/Content/Devices/OculusTouch/Right/right_OculusTouchController.uexp" 503
"../../../Engine/Plugins/Runtime/OpenXR/Content/Devices/OculusTouch_v2/MRTexture.uasset" 504
"../../../Engine/Plugins/Runtime/OpenXR/Content/Devices/OculusTouch_v2/MRTexture.uexp" 505
"../../../Engine/Plugins/Runtime/OpenXR/Content/Devices/OculusTouch_v2/MRTexture.ubulk" 506
"../../../Engine/Plugins/Runtime/OpenXR/Content/Devices/OculusTouch_v2/BaseTexture.uasset" 507
"../../../Engine/Plugins/Runtime/OpenXR/Content/Devices/OculusTouch_v2/BaseTexture.uexp" 508
"../../../Engine/Plugins/Runtime/OpenXR/Content/Devices/OculusTouch_v2/BaseTexture.ubulk" 509
"../../../Engine/Plugins/Runtime/OpenXR/Content/Devices/OculusTouch_v2/MI_OculusTouch_v2.uasset" 510
"../../../Engine/Plugins/Runtime/OpenXR/Content/Devices/OculusTouch_v2/MI_OculusTouch_v2.uexp" 511
"../../../Engine/Plugins/Runtime/OpenXR/Content/Devices/OculusTouch_v2/Left/left_OculusTouch_v2Controller.uasset" 512
"../../../Engine/Plugins/Runtime/OpenXR/Content/Devices/OculusTouch_v2/Left/left_OculusTouch_v2Controller.uexp" 513
"../../../Engine/Plugins/Runtime/OpenXR/Content/Devices/OculusTouch_v2/Right/right_OculusTouch_v2Controller.uasset" 514
"../../../Engine/Plugins/Runtime/OpenXR/Content/Devices/OculusTouch_v2/Right/right_OculusTouch_v2Controller.uexp" 515
"../../../Engine/Plugins/Runtime/OpenXR/Content/Devices/OculusTouch_v3/MRTexture.uasset" 516
"../../../Engine/Plugins/Runtime/OpenXR/Content/Devices/OculusTouch_v3/MRTexture.uexp" 517
"../../../Engine/Plugins/Runtime/OpenXR/Content/Devices/OculusTouch_v3/MRTexture.ubulk" 518
"../../../Engine/Plugins/Runtime/OpenXR/Content/Devices/OculusTouch_v3/BaseTexture.uasset" 519
"../../../Engine/Plugins/Runtime/OpenXR/Content/Devices/OculusTouch_v3/BaseTexture.uexp" 520
"../../../Engine/Plugins/Runtime/OpenXR/Content/Devices/OculusTouch_v3/BaseTexture.ubulk" 521
"../../../Engine/Plugins/Runtime/OpenXR/Content/Devices/OculusTouch_v3/MI_OculusTouch_v3.uasset" 522
"../../../Engine/Plugins/Runtime/OpenXR/Content/Devices/OculusTouch_v3/MI_OculusTouch_v3.uexp" 523
"../../../Engine/Plugins/Runtime/OpenXR/Content/Devices/OculusTouch_v3/Left/left_OculusTouch_v3Controller.uasset" 524
"../../../Engine/Plugins/Runtime/OpenXR/Content/Devices/OculusTouch_v3/Left/left_OculusTouch_v3Controller.uexp" 525
"../../../Engine/Plugins/Runtime/OpenXR/Content/Devices/OculusTouch_v3/Right/right_OculusTouch_v3Controller.uasset" 526
"../../../Engine/Plugins/Runtime/OpenXR/Content/Devices/OculusTouch_v3/Right/right_OculusTouch_v3Controller.uexp" 527
"../../../Engine/Plugins/Runtime/OpenXR/Content/Devices/ValveIndex/MRTexture.uasset" 528
"../../../Engine/Plugins/Runtime/OpenXR/Content/Devices/ValveIndex/MRTexture.uexp" 529
"../../../Engine/Plugins/Runtime/OpenXR/Content/Devices/ValveIndex/MRTexture.ubulk" 530
"../../../Engine/Plugins/Runtime/OpenXR/Content/Devices/ValveIndex/BaseTexture.uasset" 531
"../../../Engine/Plugins/Runtime/OpenXR/Content/Devices/ValveIndex/BaseTexture.uexp" 532
"../../../Engine/Plugins/Runtime/OpenXR/Content/Devices/ValveIndex/BaseTexture.ubulk" 533
"../../../Engine/Plugins/Runtime/OpenXR/Content/Devices/ValveIndex/Left/MI_left_ValveIndex.uasset" 534
"../../../Engine/Plugins/Runtime/OpenXR/Content/Devices/ValveIndex/Left/MI_left_ValveIndex.uexp" 535
"../../../Engine/Plugins/Runtime/OpenXR/Content/Devices/ValveIndex/Left/left_ValveIndexController.uasset" 536
"../../../Engine/Plugins/Runtime/OpenXR/Content/Devices/ValveIndex/Left/left_ValveIndexController.uexp" 537
"../../../Engine/Plugins/Runtime/OpenXR/Content/Devices/ValveIndex/Right/MI_right_ValveIndex.uasset" 538
"../../../Engine/Plugins/Runtime/OpenXR/Content/Devices/ValveIndex/Right/MI_right_ValveIndex.uexp" 539
"../../../Engine/Plugins/Runtime/OpenXR/Content/Devices/ValveIndex/Right/right_ValveIndexController.uasset" 540
"../../../Engine/Plugins/Runtime/OpenXR/Content/Devices/ValveIndex/Right/right_ValveIndexController.uexp" 541
"../../../Engine/Content/Functions/Engine_MaterialFunctions02/Utility/BreakOutFloat4Components.uasset" 542
"../../../Engine/Content/Functions/Engine_MaterialFunctions02/Utility/BreakOutFloat4Components.uexp" 543
"../../../Engine/Content/Functions/Engine_MaterialFunctions02/Utility/MakeFloat3.uasset" 544
"../../../Engine/Content/Functions/Engine_MaterialFunctions02/Utility/MakeFloat3.uexp" 545
"../../../Engine/Plugins/Runtime/Oculus/OculusVR/Content/Materials/OculusMR_ChromaKey.uasset" 546
"../../../Engine/Plugins/Runtime/Oculus/OculusVR/Content/Materials/OculusMR_ChromaKey.uexp" 547
"../../../Engine/Plugins/Runtime/Oculus/OculusVR/Content/Materials/OculusMR_OpaqueColoredMaterial.uasset" 548
"../../../Engine/Plugins/Runtime/Oculus/OculusVR/Content/Materials/OculusMR_OpaqueColoredMaterial.uexp" 549
"../../../Engine/Plugins/Runtime/Oculus/OculusVR/Content/Materials/PokeAHoleMaterial.uasset" 550
"../../../Engine/Plugins/Runtime/Oculus/OculusVR/Content/Materials/PokeAHoleMaterial.uexp" 551
"../../../Engine/Plugins/Runtime/Oculus/OculusVR/Content/Textures/touchController_controlmap.uasset" 552
"../../../Engine/Plugins/Runtime/Oculus/OculusVR/Content/Textures/touchController_controlmap.uexp" 553
"../../../Engine/Plugins/Runtime/Oculus/OculusVR/Content/Textures/touchController_controlmap.ubulk" 554
"../../../Engine/Plugins/Runtime/Oculus/OculusVR/Content/Textures/touchController_albedo.uasset" 555
"../../../Engine/Plugins/Runtime/Oculus/OculusVR/Content/Textures/touchController_albedo.uexp" 556
"../../../Engine/Plugins/Runtime/Oculus/OculusVR/Content/Textures/touchController_albedo.ubulk" 557
"../../../Engine/Plugins/Runtime/Oculus/OculusVR/Content/Materials/touchController_mat.uasset" 558
"../../../Engine/Plugins/Runtime/Oculus/OculusVR/Content/Materials/touchController_mat.uexp" 559
"../../../Engine/Plugins/Runtime/Oculus/OculusVR/Content/Meshes/LeftTouchController.uasset" 560
"../../../Engine/Plugins/Runtime/Oculus/OculusVR/Content/Meshes/LeftTouchController.uexp" 561
"../../../Engine/Plugins/Runtime/Oculus/OculusVR/Content/Textures/TouchForQuestRiftSController_albedo.uasset" 562
"../../../Engine/Plugins/Runtime/Oculus/OculusVR/Content/Textures/TouchForQuestRiftSController_albedo.uexp" 563
"../../../Engine/Plugins/Runtime/Oculus/OculusVR/Content/Textures/TouchForQuestRiftSController_albedo.ubulk" 564
"../../../Engine/Plugins/Runtime/Oculus/OculusVR/Content/Materials/TouchForQuestRiftSControllerMaterial.uasset" 565
"../../../Engine/Plugins/Runtime/Oculus/OculusVR/Content/Materials/TouchForQuestRiftSControllerMaterial.uexp" 566
"../../../Engine/Plugins/Runtime/Oculus/OculusVR/Content/Meshes/LeftTouchForQuestRiftSController.uasset" 567
"../../../Engine/Plugins/Runtime/Oculus/OculusVR/Content/Meshes/LeftTouchForQuestRiftSController.uexp" 568
"../../../Engine/Plugins/Runtime/Oculus/OculusVR/Content/Meshes/RiftHMD.uasset" 569
"../../../Engine/Plugins/Runtime/Oculus/OculusVR/Content/Meshes/RiftHMD.uexp" 570
"../../../Engine/Plugins/Runtime/Oculus/OculusVR/Content/Meshes/RightTouchController.uasset" 571
"../../../Engine/Plugins/Runtime/Oculus/OculusVR/Content/Meshes/RightTouchController.uexp" 572
"../../../Engine/Plugins/Runtime/Oculus/OculusVR/Content/Meshes/RightTouchForQuestRiftSController.uasset" 573
"../../../Engine/Plugins/Runtime/Oculus/OculusVR/Content/Meshes/RightTouchForQuestRiftSController.uexp" 574
"E:/UEProject/Netshoot/Content/Materials/M_Basic.uasset" 575
"E:/UEProject/Netshoot/Content/Materials/M_Basic.uexp" 576
"E:/UEProject/Netshoot/Content/Materials/M_Basic_Inst.uasset" 577
"E:/UEProject/Netshoot/Content/Materials/M_Basic_Inst.uexp" 578
"E:/UEProject/Netshoot/Content/Environment/Trough.uasset" 579
"E:/UEProject/Netshoot/Content/Environment/Trough.uexp" 580
"E:/UEProject/Netshoot/Content/Environment/Horse_TieUp.uasset" 581
"E:/UEProject/Netshoot/Content/Environment/Horse_TieUp.uexp" 582
"E:/UEProject/Netshoot/Content/Environment/Ground.uasset" 583
"E:/UEProject/Netshoot/Content/Environment/Ground.uexp" 584
"E:/UEProject/Netshoot/Content/Environment/Crate.uasset" 585
"E:/UEProject/Netshoot/Content/Environment/Crate.uexp" 586
"E:/UEProject/Netshoot/Content/Environment/Building_01.uasset" 587
"E:/UEProject/Netshoot/Content/Environment/Building_01.uexp" 588
"E:/UEProject/Netshoot/Content/Environment/Building_00.uasset" 589
"E:/UEProject/Netshoot/Content/Environment/Building_00.uexp" 590
"E:/UEProject/Netshoot/Content/Environment/Barrel.uasset" 591
"E:/UEProject/Netshoot/Content/Environment/Barrel.uexp" 592
"E:/UEProject/Netshoot/Content/Audio/Starter_Wind06.uasset" 593
"E:/UEProject/Netshoot/Content/Audio/Starter_Wind06.uexp" 594
"E:/UEProject/Netshoot/Content/Audio/Starter_Wind05.uasset" 595
"E:/UEProject/Netshoot/Content/Audio/Starter_Wind05.uexp" 596
"E:/UEProject/Netshoot/Content/Audio/Starter_Birds01.uasset" 597
"E:/UEProject/Netshoot/Content/Audio/Starter_Birds01.uexp" 598
"E:/UEProject/Netshoot/Content/Audio/Starter_Background_Cue.uasset" 599
"E:/UEProject/Netshoot/Content/Audio/Starter_Background_Cue.uexp" 600
"E:/UEProject/Netshoot/Content/Maps/Level_01_BuiltData.uasset" 601
"E:/UEProject/Netshoot/Content/Maps/Level_01_BuiltData.uexp" 602
"E:/UEProject/Netshoot/Content/Maps/Level_01_BuiltData.ubulk" 603
"E:/UEProject/Netshoot/Content/Materials/M_Player_Inst.uasset" 604
"E:/UEProject/Netshoot/Content/Materials/M_Player_Inst.uexp" 605
"E:/UEProject/Netshoot/Content/Blueprints/StaticTarget.uasset" 606
"E:/UEProject/Netshoot/Content/Blueprints/StaticTarget.uexp" 607
"E:/UEProject/Netshoot/Content/Sounds/Randomize_08.uasset" 608
"E:/UEProject/Netshoot/Content/Sounds/Randomize_08.uexp" 609
"E:/UEProject/Netshoot/Content/Sounds/Randomize_03.uasset" 610
"E:/UEProject/Netshoot/Content/Sounds/Randomize_03.uexp" 611
"E:/UEProject/Netshoot/Content/Sounds/Gunfire_01.uasset" 612
"E:/UEProject/Netshoot/Content/Sounds/Gunfire_01.uexp" 613
"E:/UEProject/Netshoot/Content/Sounds/Coin_01.uasset" 614
"E:/UEProject/Netshoot/Content/Sounds/Coin_01.uexp" 615
"E:/UEProject/Netshoot/Content/Sounds/Click_01.uasset" 616
"E:/UEProject/Netshoot/Content/Sounds/Click_01.uexp" 617
"E:/UEProject/Netshoot/Content/Materials/M_Hat.uasset" 618
"E:/UEProject/Netshoot/Content/Materials/M_Hat.uexp" 619
"E:/UEProject/Netshoot/Content/Materials/M_Hat_Inst.uasset" 620
"E:/UEProject/Netshoot/Content/Materials/M_Hat_Inst.uexp" 621
"E:/UEProject/Netshoot/Content/Meshes/Hat.uasset" 622
"E:/UEProject/Netshoot/Content/Meshes/Hat.uexp" 623
"E:/UEProject/Netshoot/Content/Materials/M_Gun.uasset" 624
"E:/UEProject/Netshoot/Content/Materials/M_Gun.uexp" 625
"E:/UEProject/Netshoot/Content/Meshes/Gun.uasset" 626
"E:/UEProject/Netshoot/Content/Meshes/Gun.uexp" 627
"E:/UEProject/Netshoot/Content/Animations/Gunslinger_Unholster.uasset" 628
"E:/UEProject/Netshoot/Content/Animations/Gunslinger_Unholster.uexp" 629
"E:/UEProject/Netshoot/Content/Animations/Gunslinger_Ready.uasset" 630
"E:/UEProject/Netshoot/Content/Animations/Gunslinger_Ready.uexp" 631
"E:/UEProject/Netshoot/Content/Animations/Gunslinger_PullBack.uasset" 632
"E:/UEProject/Netshoot/Content/Animations/Gunslinger_PullBack.uexp" 633
"E:/UEProject/Netshoot/Content/Animations/Gunslinger_Fire.uasset" 634
"E:/UEProject/Netshoot/Content/Animations/Gunslinger_Fire.uexp" 635
"E:/UEProject/Netshoot/Content/Animations/Gunslinger_Draw.uasset" 636
"E:/UEProject/Netshoot/Content/Animations/Gunslinger_Draw.uexp" 637
"E:/UEProject/Netshoot/Content/Animations/Gunslinger_Aim_UR.uasset" 638
"E:/UEProject/Netshoot/Content/Animations/Gunslinger_Aim_UR.uexp" 639
"E:/UEProject/Netshoot/Content/Animations/Gunslinger_Aim_UL.uasset" 640
"E:/UEProject/Netshoot/Content/Animations/Gunslinger_Aim_UL.uexp" 641
"E:/UEProject/Netshoot/Content/Animations/Gunslinger_Aim_UC.uasset" 642
"E:/UEProject/Netshoot/Content/Animations/Gunslinger_Aim_UC.uexp" 643
"E:/UEProject/Netshoot/Content/Animations/Gunslinger_Aim_DR.uasset" 644
"E:/UEProject/Netshoot/Content/Animations/Gunslinger_Aim_DR.uexp" 645
"E:/UEProject/Netshoot/Content/Animations/Gunslinger_Aim_CC.uasset" 646
"E:/UEProject/Netshoot/Content/Animations/Gunslinger_Aim_CC.uexp" 647
"E:/UEProject/Netshoot/Content/Animations/Gunslinger_Aim_CL.uasset" 648
"E:/UEProject/Netshoot/Content/Animations/Gunslinger_Aim_CL.uexp" 649
"E:/UEProject/Netshoot/Content/Animations/Gunslinger_Aim_CR.uasset" 650
"E:/UEProject/Netshoot/Content/Animations/Gunslinger_Aim_CR.uexp" 651
"E:/UEProject/Netshoot/Content/Animations/Gunslinger_Aim_DC.uasset" 652
"E:/UEProject/Netshoot/Content/Animations/Gunslinger_Aim_DC.uexp" 653
"E:/UEProject/Netshoot/Content/Animations/Gunslinger_Aim_DL.uasset" 654
"E:/UEProject/Netshoot/Content/Animations/Gunslinger_Aim_DL.uexp" 655
"E:/UEProject/Netshoot/Content/Animations/AimOffset_Gunslinger.uasset" 656
"E:/UEProject/Netshoot/Content/Animations/AimOffset_Gunslinger.uexp" 657
"E:/UEProject/Netshoot/Content/Gunslinger/Gunslinger_AnimBP.uasset" 658
"E:/UEProject/Netshoot/Content/Gunslinger/Gunslinger_AnimBP.uexp" 659
"E:/UEProject/Netshoot/Content/Gunslinger/GunslingerTTP_PhysicsAsset.uasset" 660
"E:/UEProject/Netshoot/Content/Gunslinger/GunslingerTTP_PhysicsAsset.uexp" 661
"E:/UEProject/Netshoot/Content/Gunslinger/GunslingerTTP.uasset" 662
"E:/UEProject/Netshoot/Content/Gunslinger/GunslingerTTP.uexp" 663
"E:/UEProject/Netshoot/Content/Blueprints/CamShake_01.uasset" 664
"E:/UEProject/Netshoot/Content/Blueprints/CamShake_01.uexp" 665
"E:/UEProject/Netshoot/Content/Sounds/Hit_01.uasset" 666
"E:/UEProject/Netshoot/Content/Sounds/Hit_01.uexp" 667
"E:/UEProject/Netshoot/Content/Sounds/SoundCue_Attentuated.uasset" 668
"E:/UEProject/Netshoot/Content/Sounds/SoundCue_Attentuated.uexp" 669
"E:/UEProject/Netshoot/Content/Sounds/Randomize_01.uasset" 670
"E:/UEProject/Netshoot/Content/Sounds/Randomize_01.uexp" 671
"E:/UEProject/Netshoot/Content/Effects/P_Hit.uasset" 672
"E:/UEProject/Netshoot/Content/Effects/P_Hit.uexp" 673
"E:/UEProject/Netshoot/Content/Blueprints/BP_Projectile.uasset" 674
"E:/UEProject/Netshoot/Content/Blueprints/BP_Projectile.uexp" 675
"E:/UEProject/Netshoot/Content/Textures/MuzzleFlash.uasset" 676
"E:/UEProject/Netshoot/Content/Textures/MuzzleFlash.uexp" 677
"E:/UEProject/Netshoot/Content/Textures/MuzzleFlash.ubulk" 678
"E:/UEProject/Netshoot/Content/Materials/M_MuzzleFlash.uasset" 679
"E:/UEProject/Netshoot/Content/Materials/M_MuzzleFlash.uexp" 680
"E:/UEProject/Netshoot/Content/Materials/M_MuzzleFlash_Inst.uasset" 681
"E:/UEProject/Netshoot/Content/Materials/M_MuzzleFlash_Inst.uexp" 682
"E:/UEProject/Netshoot/Content/Effects/P_MuzzleFlash.uasset" 683
"E:/UEProject/Netshoot/Content/Effects/P_MuzzleFlash.uexp" 684
"E:/UEProject/Netshoot/Content/Blueprints/BP_MuzzleFlash.uasset" 685
"E:/UEProject/Netshoot/Content/Blueprints/BP_MuzzleFlash.uexp" 686
"E:/UEProject/Netshoot/Content/Animations/Gunslinger_Hit_01.uasset" 687
"E:/UEProject/Netshoot/Content/Animations/Gunslinger_Hit_01.uexp" 688
"E:/UEProject/Netshoot/Content/Gunslinger/Gunslinger_BP.uasset" 689
"E:/UEProject/Netshoot/Content/Gunslinger/Gunslinger_BP.uexp" 690
"E:/UEProject/Netshoot/Content/Blueprints/Widgets/ScoreboardRow.uasset" 691
"E:/UEProject/Netshoot/Content/Blueprints/Widgets/ScoreboardRow.uexp" 692
"E:/UEProject/Netshoot/Content/Blueprints/Widgets/MyHUD.uasset" 693
"E:/UEProject/Netshoot/Content/Blueprints/Widgets/MyHUD.uexp" 694
"E:/UEProject/Netshoot/Content/Blueprints/Widgets/ServerRow.uasset" 695
"E:/UEProject/Netshoot/Content/Blueprints/Widgets/ServerRow.uexp" 696
"E:/UEProject/Netshoot/Content/Blueprints/Widgets/ServerList.uasset" 697
"E:/UEProject/Netshoot/Content/Blueprints/Widgets/ServerList.uexp" 698
"E:/UEProject/Netshoot/Content/Blueprints/Widgets/MainMenu.uasset" 699
"E:/UEProject/Netshoot/Content/Blueprints/Widgets/MainMenu.uexp" 700
"E:/UEProject/Netshoot/Content/Blueprints/Widgets/LoadingScreen.uasset" 701
"E:/UEProject/Netshoot/Content/Blueprints/Widgets/LoadingScreen.uexp" 702
"E:/UEProject/Netshoot/Content/Blueprints/Widgets/ErrorDialog.uasset" 703
"E:/UEProject/Netshoot/Content/Blueprints/Widgets/ErrorDialog.uexp" 704
"E:/UEProject/Netshoot/Content/Blueprints/State.uasset" 705
"E:/UEProject/Netshoot/Content/Blueprints/State.uexp" 706
"E:/UEProject/Netshoot/Content/Blueprints/MyGameInstance.uasset" 707
"E:/UEProject/Netshoot/Content/Blueprints/MyGameInstance.uexp" 708
"E:/UEProject/Netshoot/Content/Blueprints/Widgets/InGameMenu.uasset" 709
"E:/UEProject/Netshoot/Content/Blueprints/Widgets/InGameMenu.uexp" 710
"E:/UEProject/Netshoot/Content/Blueprints/Widgets/GameEnd.uasset" 711
"E:/UEProject/Netshoot/Content/Blueprints/Widgets/GameEnd.uexp" 712
"E:/UEProject/Netshoot/Content/Textures/Ammo_Full.uasset" 713
"E:/UEProject/Netshoot/Content/Textures/Ammo_Full.uexp" 714
"E:/UEProject/Netshoot/Content/Textures/Ammo_Empty.uasset" 715
"E:/UEProject/Netshoot/Content/Textures/Ammo_Empty.uexp" 716
"E:/UEProject/Netshoot/Content/Blueprints/Widgets/AmmoWidget.uasset" 717
"E:/UEProject/Netshoot/Content/Blueprints/Widgets/AmmoWidget.uexp" 718
"E:/UEProject/Netshoot/Content/Blueprints/MyPlayerController.uasset" 719
"E:/UEProject/Netshoot/Content/Blueprints/MyPlayerController.uexp" 720
"E:/UEProject/Netshoot/Content/Blueprints/MyGameState.uasset" 721
"E:/UEProject/Netshoot/Content/Blueprints/MyGameState.uexp" 722
"E:/UEProject/Netshoot/Content/Blueprints/MyGameMode.uasset" 723
"E:/UEProject/Netshoot/Content/Blueprints/MyGameMode.uexp" 724
"E:/UEProject/Netshoot/Content/Maps/Level_01.uexp" 725
"E:/UEProject/Netshoot/Content/Maps/Level_01.umap" 726
"E:/UEProject/Netshoot/Content/Maps/MainMenu.uexp" 727
"E:/UEProject/Netshoot/Content/Maps/MainMenu.umap" 728
"E:/UEProject/Netshoot/Content/Maps/ServerWithSession.uexp" 729
"E:/UEProject/Netshoot/Content/Maps/ServerWithSession.umap" 730
"../../../Engine/Content/Maps/Entry_BuiltData.uasset" 731
"../../../Engine/Content/Maps/Entry_BuiltData.uexp" 732
"../../../Engine/Content/Maps/Entry.uexp" 733
"../../../Engine/Content/Maps/Entry.umap" 734
